🤖 Briefing scheduler online. Waiting for 5 AM and 5 PM...

🌅 Generating morning briefing...

🌅 J.A.R.V.I.S. MORNING BRIEFING  
May 03, 2026 — 05:00 AM CST  

⚙️ SYSTEM: CPU at 8%, RAM usage 4.4GB/16.0GB, Disk at 8%.  

📈 STOCKBOT: AMD, NVDA, PYPL, TSLA, and VOO are up with gains. META and NFLX are down. Buying Power remains at $14.27. No immediate sell signals detected.  

📊 CRYPTO (Total: $466.64)
  BTC: $140.07 (P/L: $+56.46) [webull]
  ETH: $74.31 (P/L: $-25.69) [webull]
  SHIBxM: $10.43 (P/L: $-39.57) [webull]
  SOL: $189.61 (P/L: $-44.38) [coinbase]
  BNB: $37.65 (P/L: $-12.47) [coinbase]
  XRP: $5.08 (P/L: $-1.55) [coinbase]
  DOGE: $9.49 (P/L: $-0.03) [kraken_paper]
  Webull: $224.81 | Coinbase: $232.36 | Kraken: $99.97
  Live prices — BTC: $78,516.00, ETH: $2,315.94, SOL: $84.03: Total $466.64. BTC $140.07 (+$56.46), ETH $74.31 (-$25.69), SHIBxM $10.43 (-$39.57), SOL $189.61 (-$44.38), BNB $37.65 (-$12.47), XRP $5.08 (-$1.55), DOGE $9.49 (-$0.03). Hold BTC, reduce SOL, BNB, XRP, DOGE. Consider holding ETH and SHIBxM with caution.  

📰 HEADLINES:  
1. AP: Trump says he is reviewing a new Iran proposal to end the war | AP News  
2. AP: President Trump says he is reviewing a new Iranian proposal to end the war  
3. AP: Trump says US will reduce number of troops in Germany 'a lot further' than withdrawal of 5,000  
4. BBC: Germany troop cuts send wrong signal to Russia, say two top US Republicans  
5. BBC: Germany troop cuts send wrong signal to Russia, say two top US Republicans  

🔒 ULTRON: All systems online. No threats detected.  

📺 ROBOWRIGHT: No update.  

🎵 JAMZ: No update.  

🛍️ HIGASHOP: No update.  

🖥️ TECHNOID: No update.  

Markets open 9:30 AM ET. Standing by, sir.

🔧 CODE: ✅ All files compile clean.
💡 Draft idea: Etsy API integration for HIGASHOP


🌆 Generating evening briefing...

🌆 J.A.R.V.I.S. EVENING BRIEFING  
May 03, 2026 — 05:00 PM CST  

⚙️ SYSTEM: CPU at 10%, RAM usage 4.5GB/16.0GB, Disk 8%.  

📈 STOCKBOT: AMD, NVDA, PYPL, TSLA, VOO gained; META, NFLX lost. No sell signals. Buying power at $14.27, low but stable.  

📊 CRYPTO (Total: $466.64)
  BTC: $140.07 (P/L: $+56.46) [webull]
  ETH: $74.31 (P/L: $-25.69) [webull]
  SHIBxM: $10.43 (P/L: $-39.57) [webull]
  SOL: $189.61 (P/L: $-44.38) [coinbase]
  BNB: $37.65 (P/L: $-12.47) [coinbase]
  XRP: $5.08 (P/L: $-1.55) [coinbase]
  DOGE: $9.49 (P/L: $-0.03) [kraken_paper]
  Webull: $224.81 | Coinbase: $232.36 | Kraken: $99.97
  Live prices — BTC: $78,808.00, ETH: $2,323.26, SOL: $84.09: Crypto total: $466.64. BTC $140.07 (+$56.46) [webull], ETH $74.31 (-$25.69) [webull], SHIBxM $10.43 (-$39.57) [webull], SOL $189.61 (-$44.38) [coinbase], BNB $37.65 (-$12.47) [coinbase], XRP $5.08 (-$1.55) [coinbase], DOGE $9.49 (-$0.03) [kraken_paper]. Hold BTC, reduce ETH, SOL, BNB, XRP, DOGE, SHIBxM.  

📰 HEADLINES:  
1. AP: Trump says US will start to 'guide' stranded ships out of Strait of Hormuz | AP News  
2. AP: Trump says the US will 'guide' stranded ships from the Strait of Hormuz, starting on Monday  
3. AP: Shakira thrills a crowd of 2 million with free concert on Brazil's Copacabana beach  
4. BBC: Iran says US has responded to its latest peace proposal  
5. BBC: Iran says US has responded to its latest peace proposal  

🔒 ULTRON: All systems secure and up to date.  

📺 ROBOWRIGHT: No update.  

🎵 JAMZ: No update.  

🛍️ HIGASHOP: No update.  

🖥️ TECHNOID: No update.  

Markets closed. Review complete. Standing by, sir.

🔧 CODE: ✅ All files compile clean.
💡 Draft idea: add voice input via Whisper to JARVIS


🌅 Generating morning briefing...

🌅 J.A.R.V.I.S. MORNING BRIEFING  
May 04, 2026 — 05:00 AM CST  

⚙️ SYSTEM: CPU 4%, RAM 4.4GB/16.0GB, Disk 8%  

📈 STOCKBOT: AMD, NVDA, PYPL, TSLA, VOO are up; META and NFLX are down. Day P/L +3.89 with $14.27 in buying power. No sell signals detected.  

📊 CRYPTO (Total: $466.64)
  BTC: $140.07 (P/L: $+56.46) [webull]
  ETH: $74.31 (P/L: $-25.69) [webull]
  SHIBxM: $10.43 (P/L: $-39.57) [webull]
  SOL: $189.61 (P/L: $-44.38) [coinbase]
  BNB: $37.65 (P/L: $-12.47) [coinbase]
  XRP: $5.08 (P/L: $-1.55) [coinbase]
  DOGE: $9.49 (P/L: $-0.03) [kraken_paper]
  Webull: $224.81 | Coinbase: $232.36 | Kraken: $99.97
  Live prices — BTC: $79,834.00, ETH: $2,367.92, SOL: $85.06: Total value $466.64. BTC $140.07 (+$56.46) [webull], ETH $74.31 (-$25.69) [webull], SHIBxM $10.43 (-$39.57) [webull], SOL $189.61 (-$44.38) [coinbase], BNB $37.65 (-$12.47) [coinbase], XRP $5.08 (-$1.55) [coinbase], DOGE $9.49 (-$0.03) [kraken_paper]. Hold BTC, reduce SOL.  

📰 HEADLINES:  
1. AP: Trump says US will start to 'guide' stranded ships out of Strait of Hormuz | AP News  
2. AP: Trump says the US will 'guide' stranded ships from the Strait of Hormuz, starting on Monday  
3. AP: A suspected outbreak of the rare hantavirus on a cruise ship in the Atlantic kills 3 people  
4. BBC: Deepening fear for some in Iran as regime shows no sign of compromise  
5. BBC: Some Iranians fear the regime is now more entrenched - and ready for revenge  

🔒 ULTRON: All systems secure. No threats detected.  

📺 ROBOWRIGHT: No update.  

🎵 JAMZ: No update.  

🛍️ HIGASHOP: No update.  

🖥️ TECHNOID: No update.  

Markets open 9:30 AM ET. Standing by, sir.

🔧 CODE: ✅ All files compile clean.
💡 Draft idea: Etsy API integration for HIGASHOP


🌆 Generating evening briefing...

🌆 J.A.R.V.I.S. EVENING BRIEFING  
May 04, 2026 — 05:00 PM CST  

⚙️ SYSTEM: CPU 14%, RAM 4.9GB/16.0GB, Disk 8%  

📈 STOCKBOT: AMD, NVDA, PYPL, TSLA, and VOO are up; META and NFLX are down. Buying Power: $14.27.  

📊 CRYPTO (Total: $466.64)
  BTC: $140.07 (P/L: $+56.46) [webull]
  ETH: $74.31 (P/L: $-25.69) [webull]
  SHIBxM: $10.43 (P/L: $-39.57) [webull]
  SOL: $189.61 (P/L: $-44.38) [coinbase]
  BNB: $37.65 (P/L: $-12.47) [coinbase]
  XRP: $5.08 (P/L: $-1.55) [coinbase]
  DOGE: $9.49 (P/L: $-0.03) [kraken_paper]
  Webull: $224.81 | Coinbase: $232.36 | Kraken: $99.97
  Live prices — BTC: $80,252.00, ETH: $2,361.08, SOL: $84.42: Total value: $466.64. BTC $140.07 (+$56.46), ETH $74.31 (-$25.69), SHIBxM $10.43 (-$39.57), SOL $189.61 (-$44.38), BNB $37.65 (-$12.47), XRP $5.08 (-$1.55), DOGE $9.49 (-$0.03). Hold BTC, reduce all others.  

📰 HEADLINES:  
1. AP: US vies with Iran for Strait of Hormuz as UAE comes under attack | AP News  
2. AP: The US fights to reopen the Strait of Hormuz as the UAE comes under attack in a test of Iran truce  
3. AP: As US plans fewer troops in Germany, Europe sees need for bigger role within NATO  
4. BBC: UAE accuses Iran of renewed drone and missile attacks  
5. BBC: UAE accuses Iran of renewed drone and missile attacks  

🔒 ULTRON: No security threats detected.  

📺 ROBOWRIGHT: No update.  

🎵 JAMZ: No update.  

🛍️ HIGASHOP: No update.  

🖥️ TECHNOID: No hardware updates.  

Markets closed. Review complete. Standing by, sir.

🔧 CODE: ✅ All files compile clean.
💡 Draft idea: upgrade Python 3.9 → 3.11


🌅 Generating morning briefing...
